# JRE version: OpenJDK Runtime Environment (8.0_152-b02) (build 1.8.0_152-release-1024-b02)
# Java VM: OpenJDK 64-Bit Server VM (25.152-b02 mixed mode windows-amd64 compressed oops)
Heap:
 PSYoungGen      total 367616K, used 290605K [0x00000000e0000000, 0x00000000f9d00000, 0x0000000100000000)
  eden space 354304K, 78% used [0x00000000e0000000,0x00000000f111f930,0x00000000f5a00000)
  from space 13312K, 82% used [0x00000000f9000000,0x00000000f9aabe80,0x00000000f9d00000)
  to   space 34304K, 0% used [0x00000000f5a00000,0x00000000f5a00000,0x00000000f7b80000)
 ParOldGen       total 217088K, used 157688K [0x00000000a0000000, 0x00000000ad400000, 0x00000000e0000000)
  object space 217088K, 72% used [0x00000000a0000000,0x00000000a99fe368,0x00000000ad400000)
 Metaspace       used 127085K, capacity 135974K, committed 136192K, reserved 1167360K
  class space    used 16056K, capacity 17804K, committed 17920K, reserved 1048576K
GC Heap History (10 events):
Event: 5495.370 GC heap before
{Heap before GC invocations=44 (full 4):
 PSYoungGen      total 474624K, used 440763K [0x00000000e0000000, 0x0000000100000000, 0x0000000100000000)
  eden space 431616K, 99% used [0x00000000e0000000,0x00000000fa4cdf98,0x00000000fa580000)
  from space 43008K, 22% used [0x00000000fa580000,0x00000000faf20ea8,0x00000000fcf80000)
  to   space 41472K, 0% used [0x00000000fd780000,0x00000000fd780000,0x0000000100000000)
 ParOldGen       total 217088K, used 157648K [0x00000000a0000000, 0x00000000ad400000, 0x00000000e0000000)
  object space 217088K, 72% used [0x00000000a0000000,0x00000000a99f4368,0x00000000ad400000)
 Metaspace       used 126439K, capacity 135076K, committed 135296K, reserved 1167360K
  class space    used 15995K, capacity 17699K, committed 17792K, reserved 1048576K
Event: 5495.542 GC heap after
Heap after GC invocations=44 (full 4):
 PSYoungGen      total 426496K, used 11174K [0x00000000e0000000, 0x00000000fe300000, 0x0000000100000000)
  eden space 414720K, 0% used [0x00000000e0000000,0x00000000e0000000,0x00000000f9500000)
  from space 11776K, 94% used [0x00000000fd780000,0x00000000fe269b18,0x00000000fe300000)
  to   space 39936K, 0% used [0x00000000f9500000,0x00000000f9500000,0x00000000fbc00000)
 ParOldGen       total 217088K, used 157656K [0x00000000a0000000, 0x00000000ad400000, 0x00000000e0000000)
  object space 217088K, 72% used [0x00000000a0000000,0x00000000a99f6368,0x00000000ad400000)
 Metaspace       used 126439K, capacity 135076K, committed 135296K, reserved 1167360K
  class space    used 15995K, capacity 17699K, committed 17792K, reserved 1048576K
}
Event: 5664.163 GC heap before
{Heap before GC invocations=45 (full 4):
 PSYoungGen      total 426496K, used 425894K [0x00000000e0000000, 0x00000000fe300000, 0x0000000100000000)
  eden space 414720K, 100% used [0x00000000e0000000,0x00000000f9500000,0x00000000f9500000)
  from space 11776K, 94% used [0x00000000fd780000,0x00000000fe269b18,0x00000000fe300000)
  to   space 39936K, 0% used [0x00000000f9500000,0x00000000f9500000,0x00000000fbc00000)
 ParOldGen       total 217088K, used 157656K [0x00000000a0000000, 0x00000000ad400000, 0x00000000e0000000)
  object space 217088K, 72% used [0x00000000a0000000,0x00000000a99f6368,0x00000000ad400000)
 Metaspace       used 126523K, capacity 135144K, committed 135296K, reserved 1167360K
  class space    used 15995K, capacity 17699K, committed 17792K, reserved 1048576K
Event: 5664.221 GC heap after
Heap after GC invocations=45 (full 4):
 PSYoungGen      total 407040K, used 8343K [0x00000000e0000000, 0x00000000fd800000, 0x0000000100000000)
  eden space 398336K, 0% used [0x00000000e0000000,0x00000000e0000000,0x00000000f8500000)
  from space 8704K, 95% used [0x00000000f9500000,0x00000000f9d25d90,0x00000000f9d80000)
  to   space 38400K, 0% used [0x00000000fb280000,0x00000000fb280000,0x00000000fd800000)
 ParOldGen       total 217088K, used 157664K [0x00000000a0000000, 0x00000000ad400000, 0x00000000e0000000)
  object space 217088K, 72% used [0x00000000a0000000,0x00000000a99f8368,0x00000000ad400000)
 Metaspace       used 126523K, capacity 135144K, committed 135296K, reserved 1167360K
  class space    used 15995K, capacity 17699K, committed 17792K, reserved 1048576K
}
Event: 5994.045 GC heap before
{Heap before GC invocations=46 (full 4):
 PSYoungGen      total 407040K, used 405840K [0x00000000e0000000, 0x00000000fd800000, 0x0000000100000000)
  eden space 398336K, 99% used [0x00000000e0000000,0x00000000f842e5b8,0x00000000f8500000)
  from space 8704K, 95% used [0x00000000f9500000,0x00000000f9d25d90,0x00000000f9d80000)
  to   space 38400K, 0% used [0x00000000fb280000,0x00000000fb280000,0x00000000fd800000)
 ParOldGen       total 217088K, used 157664K [0x00000000a0000000, 0x00000000ad400000, 0x00000000e0000000)
  object space 217088K, 72% used [0x00000000a0000000,0x00000000a99f8368,0x00000000ad400000)
 Metaspace       used 126915K, capacity 135848K, committed 136192K, reserved 1167360K
  class space    used 16051K, capacity 17795K, committed 17920K, reserved 1048576K
Event: 5994.112 GC heap after
Heap after GC invocations=46 (full 4):
 PSYoungGen      total 394752K, used 11283K [0x00000000e0000000, 0x00000000fbe00000, 0x0000000100000000)
  eden space 382976K, 0% used [0x00000000e0000000,0x00000000e0000000,0x00000000f7600000)
  from space 11776K, 95% used [0x00000000fb280000,0x00000000fbd84e90,0x00000000fbe00000)
  to   space 36864K, 0% used [0x00000000f7600000,0x00000000f7600000,0x00000000f9a00000)
 ParOldGen       total 217088K, used 157672K [0x00000000a0000000, 0x00000000ad400000, 0x00000000e0000000)
  object space 217088K, 72% used [0x00000000a0000000,0x00000000a99fa368,0x00000000ad400000)
 Metaspace       used 126915K, capacity 135848K, committed 136192K, reserved 1167360K
  class space    used 16051K, capacity 17795K, committed 17920K, reserved 1048576K
}
Event: 9292.101 GC heap before
{Heap before GC invocations=47 (full 4):
 PSYoungGen      total 394752K, used 394259K [0x00000000e0000000, 0x00000000fbe00000, 0x0000000100000000)
  eden space 382976K, 100% used [0x00000000e0000000,0x00000000f7600000,0x00000000f7600000)
  from space 11776K, 95% used [0x00000000fb280000,0x00000000fbd84e90,0x00000000fbe00000)
  to   space 36864K, 0% used [0x00000000f7600000,0x00000000f7600000,0x00000000f9a00000)
 ParOldGen       total 217088K, used 157672K [0x00000000a0000000, 0x00000000ad400000, 0x00000000e0000000)
  object space 217088K, 72% used [0x00000000a0000000,0x00000000a99fa368,0x00000000ad400000)
 Metaspace       used 127000K, capacity 135968K, committed 136192K, reserved 1167360K
  class space    used 16056K, capacity 17803K, committed 17920K, reserved 1048576K
Event: 9292.187 GC heap after
Heap after GC invocations=47 (full 4):
 PSYoungGen      total 375296K, used 6938K [0x00000000e0000000, 0x00000000fb300000, 0x0000000100000000)
  eden space 368128K, 0% used [0x00000000e0000000,0x00000000e0000000,0x00000000f6780000)
  from space 7168K, 96% used [0x00000000f7600000,0x00000000f7cc68a0,0x00000000f7d00000)
  to   space 35840K, 0% used [0x00000000f9000000,0x00000000f9000000,0x00000000fb300000)
 ParOldGen       total 217088K, used 157680K [0x00000000a0000000, 0x00000000ad400000, 0x00000000e0000000)
  object space 217088K, 72% used [0x00000000a0000000,0x00000000a99fc368,0x00000000ad400000)
 Metaspace       used 127000K, capacity 135968K, committed 136192K, reserved 1167360K
  class space    used 16056K, capacity 17803K, committed 17920K, reserved 1048576K
}
Event: 9322.401 GC heap before
{Heap before GC invocations=48 (full 4):
 PSYoungGen      total 375296K, used 374907K [0x00000000e0000000, 0x00000000fb300000, 0x0000000100000000)
  eden space 368128K, 99% used [0x00000000e0000000,0x00000000f6758530,0x00000000f6780000)
  from space 7168K, 96% used [0x00000000f7600000,0x00000000f7cc68a0,0x00000000f7d00000)
  to   space 35840K, 0% used [0x00000000f9000000,0x00000000f9000000,0x00000000fb300000)
 ParOldGen       total 217088K, used 157680K [0x00000000a0000000, 0x00000000ad400000, 0x00000000e0000000)
  object space 217088K, 72% used [0x00000000a0000000,0x00000000a99fc368,0x00000000ad400000)
 Metaspace       used 127060K, capacity 135974K, committed 136192K, reserved 1167360K
  class space    used 16056K, capacity 17804K, committed 17920K, reserved 1048576K
Event: 9322.632 GC heap after
Heap after GC invocations=48 (full 4):
 PSYoungGen      total 367616K, used 10927K [0x00000000e0000000, 0x00000000f9d00000, 0x0000000100000000)
  eden space 354304K, 0% used [0x00000000e0000000,0x00000000e0000000,0x00000000f5a00000)
  from space 13312K, 82% used [0x00000000f9000000,0x00000000f9aabe80,0x00000000f9d00000)
  to   space 34304K, 0% used [0x00000000f5a00000,0x00000000f5a00000,0x00000000f7b80000)
 ParOldGen       total 217088K, used 157688K [0x00000000a0000000, 0x00000000ad400000, 0x00000000e0000000)
  object space 217088K, 72% used [0x00000000a0000000,0x00000000a99fe368,0x00000000ad400000)
 Metaspace       used 127060K, capacity 135974K, committed 136192K, reserved 1167360K
  class space    used 16056K, capacity 17804K, committed 17920K, reserved 1048576K
}

